<?xml version="1.0" encoding="UTF-8"?>
<!-- Generated by org.testng.reporters.JUnitReportReporter -->
<testsuite skipped="0" hostname="DESKTOP-EBUBK40" name="linkedin.LinkedInTest.TC01" tests="1" failures="0" timestamp="28 Jun 2018 07:09:45 GMT" time="23.996" errors="0">
  <testcase name="runTest" time="23.996" classname="linkedin.LinkedInTest.TC01"/>
</testsuite> <!-- linkedin.LinkedInTest.TC01 -->
